2022-02-01 15:59:11 INFO::Writing function arguments to log file
2022-02-01 15:59:11 DEBUG::Function arguments
2022-02-01 15:59:11 DEBUG::Output folder: TS/pathabund_results/Maaslin2
2022-02-01 15:59:11 DEBUG::Min Abundance: 0.000000
2022-02-01 15:59:11 DEBUG::Min Prevalence: 0.100000
2022-02-01 15:59:11 DEBUG::Normalization: CSS
2022-02-01 15:59:11 DEBUG::Transform: NONE
2022-02-01 15:59:11 DEBUG::Analysis method: LM
2022-02-01 15:59:11 DEBUG::Max significance: 0.250000
2022-02-01 15:59:11 DEBUG::Random effects:
2022-02-01 15:59:11 DEBUG::Fixed effects: Status
2022-02-01 15:59:11 DEBUG::Correction method: BH
2022-02-01 15:59:11 DEBUG::Standardize: FALSE
2022-02-01 15:59:11 DEBUG::Cores: 1
2022-02-01 15:59:11 INFO::Verifying options selected are valid
2022-02-01 15:59:11 INFO::Determining format of input files
2022-02-01 15:59:11 INFO::Input format is data samples as rows and metadata samples as rows
2022-02-01 15:59:11 DEBUG::A total of 66 samples were found in both the data and metadata
2022-02-01 15:59:11 DEBUG::Reordering data/metadata to use same sample ordering
2022-02-01 15:59:11 INFO::Formula for fixed effects: expr ~  Status
2022-02-01 15:59:11 INFO::Filter data based on min abundance and min prevalence
2022-02-01 15:59:11 INFO::Total samples in data: 66
2022-02-01 15:59:11 INFO::Min samples required with min abundance for a feature not to be filtered: 6.600000
2022-02-01 15:59:11 INFO::Total filtered features: 63
2022-02-01 15:59:11 INFO::Filtered feature names from abundance and prevalence filtering: X3_HYDROXYPHENYLACETATE_DEGRADATION_PWY_4_hydroxyphenylacetatedegradation, AEROBACTINSYN_PWY_aerobactinbiosynthesis, ARGDEG_PWY_superpathwayofL_arginine_putrescine_and4_aminobutanoatedegradation, ECASYN_PWY_enterobacterialcommonantigenbiosynthesis, ENTBACSYN_PWY_enterobactinbiosynthesis, HCAMHPDEG_PWY_3_phenylpropanoateand3__3_hydroxyphenyl_propanoatedegradationto2_oxopent_4_enoate, KDO_NAGLIPASYN_PWY_superpathwayof_Kdo_2_lipidAbiosynthesis, LPSSYN_PWY_superpathwayoflipopolysaccharidebiosynthesis, METHANOGENESIS_PWY_methanogenesisfromH2andCO2, ORNARGDEG_PWY_superpathwayofL_arginineandL_ornithinedegradation, ORNDEG_PWY_superpathwayofornithinedegradation, P162_PWY_L_glutamatedegradationV_viahydroxyglutarate_, P163_PWY_L_lysinefermentationtoacetateandbutanoate, P562_PWY_myo_inositoldegradationI, P621_PWY_nylon_6oligomerdegradation, PWY_3801_sucrosedegradationII_sucrosesynthase_, PWY_4321_L_glutamatedegradationIV, PWY_5004_superpathwayofL_citrullinemetabolism, PWY_5028_L_histidinedegradationII, PWY_5088_L_glutamatedegradationVIII_topropanoate_, PWY_5198_factor420biosynthesis, PWY_5392_reductiveTCAcycleII, PWY_5415_catecholdegradationI_meta_cleavagepathway_, PWY_5705_allantoindegradationtoglyoxylateIII, PWY_5754_4_hydroxybenzoatebiosynthesisI_eukaryotes_, PWY_5850_superpathwayofmenaquinol_6biosynthesisI, PWY_5860_superpathwayofdemethylmenaquinol_6biosynthesisI, PWY_5896_superpathwayofmenaquinol_10biosynthesis, PWY_5910_superpathwayofgeranylgeranyldiphosphatebiosynthesisI_viamevalonate_, PWY_6167_flavinbiosynthesisII_archaea_, PWY_6174_mevalonatepathwayII_archaea_, PWY_6349_CDP_archaeolbiosynthesis, PWY_6690_cinnamateand3_hydroxycinnamatedegradationto2_oxopent_4_enoate, PWY_6837_fattyacidbeta_oxidationV_unsaturated_oddnumber_di_isomerase_dependent_, PWY_6953_dTDP_3_acetamido_3_6_dideoxy__alpha__D_galactosebiosynthesis, PWY_7031_proteinN_glycosylation_bacterial_, PWY_7094_fattyacidsalvage, PWY_7165_L_ascorbatebiosynthesisVI_engineeredpathway_, PWY_7200_superpathwayofpyrimidinedeoxyribonucleosidesalvage, PWY_7279_aerobicrespirationII_cytochromec__yeast_, PWY_7286_7__3_amino_3_carboxypropyl__wyosinebiosynthesis, PWY_7294_xylosedegradationIV, PWY_7345_superpathwayofanaerobicsucrosedegradation, PWY_7374_1_4_dihydroxy_6_naphthoatebiosynthesisI, PWY_7384_anaerobicenergymetabolism_invertebrates_mitochondrial_, PWY_7389_superpathwayofanaerobicenergymetabolism_invertebrates_, PWY_7399_methylphosphonatedegradationII, PWY_7409_phospholipidremodeling_phosphatidylethanolamine_yeast_, PWY_7446_sulfoglycolysis, PWY_922_mevalonatepathwayI, PWY0_1277_3_phenylpropanoateand3__3_hydroxyphenyl_propanoatedegradation, PWY0_1338_polymyxinresistance, PWY0_1533_methylphosphonatedegradationI, PWY0_41_allantoindegradationIV_anaerobic_, PWY1F_823_leucopelargonidinandleucocyanidinbiosynthesis, PWY1G_0_mycothiolbiosynthesis, PWY3DJ_35471_L_ascorbatebiosynthesisIV, PWY3O_1109_superpathwayof4_hydroxybenzoatebiosynthesis_yeast_, PWY490_3_nitratereductionVI_assimilatory_, PWY66_367_ketogenesis, PWY66_388_fattyacid_alpha__oxidationIII, THREOCAT_PWY_superpathwayofL_threoninemetabolism, UBISYN_PWY_superpathwayofubiquinol_8biosynthesis_prokaryotic_
2022-02-01 15:59:11 INFO::Total filtered features with variance filtering: 0
2022-02-01 15:59:11 INFO::Filtered feature names from variance filtering:
2022-02-01 15:59:11 INFO::Running selected normalization method: CSS
2022-02-01 15:59:11 INFO::Bypass z-score application to metadata
2022-02-01 15:59:11 INFO::Running selected transform method: NONE
2022-02-01 15:59:11 INFO::Running selected analysis method: LM
2022-02-01 15:59:11 INFO::Fitting model to feature number 1, X1CMET2_PWY_N10_formyl_tetrahydrofolatebiosynthesis
2022-02-01 15:59:11 INFO::Fitting model to feature number 2, X7ALPHADEHYDROX_PWY_cholatedegradation_bacteria_anaerobic_
2022-02-01 15:59:11 INFO::Fitting model to feature number 3, ALLANTOINDEG_PWY_superpathwayofallantoindegradationinyeast
2022-02-01 15:59:11 INFO::Fitting model to feature number 4, ANAEROFRUCAT_PWY_homolacticfermentation
2022-02-01 15:59:11 INFO::Fitting model to feature number 5, ANAGLYCOLYSIS_PWY_glycolysisIII_fromglucose_
2022-02-01 15:59:11 INFO::Fitting model to feature number 6, ARG_POLYAMINE_SYN_superpathwayofarginineandpolyaminebiosynthesis
2022-02-01 15:59:11 INFO::Fitting model to feature number 7, ARGININE_SYN4_PWY_L_ornithinedenovobiosynthesis
2022-02-01 15:59:11 INFO::Fitting model to feature number 8, ARGORNPROST_PWY_arginine_ornithineandprolineinterconversion
2022-02-01 15:59:11 INFO::Fitting model to feature number 9, ARGSYN_PWY_L_argininebiosynthesisI_viaL_ornithine_
2022-02-01 15:59:11 INFO::Fitting model to feature number 10, ARGSYNBSUB_PWY_L_argininebiosynthesisII_acetylcycle_
2022-02-01 15:59:11 INFO::Fitting model to feature number 11, ARO_PWY_chorismatebiosynthesisI
2022-02-01 15:59:11 INFO::Fitting model to feature number 12, ASPASN_PWY_superpathwayofL_aspartateandL_asparaginebiosynthesis
2022-02-01 15:59:11 INFO::Fitting model to feature number 13, AST_PWY_L_argininedegradationII_ASTpathway_
2022-02-01 15:59:11 INFO::Fitting model to feature number 14, BIOTIN_BIOSYNTHESIS_PWY_biotinbiosynthesisI
2022-02-01 15:59:11 INFO::Fitting model to feature number 15, BRANCHED_CHAIN_AA_SYN_PWY_superpathwayofbranchedaminoacidbiosynthesis
2022-02-01 15:59:11 INFO::Fitting model to feature number 16, CALVIN_PWY_Calvin_Benson_Basshamcycle
2022-02-01 15:59:11 INFO::Fitting model to feature number 17, CENTFERM_PWY_pyruvatefermentationtobutanoate
2022-02-01 15:59:11 INFO::Fitting model to feature number 18, CITRULBIO_PWY_L_citrullinebiosynthesis
2022-02-01 15:59:11 INFO::Fitting model to feature number 19, COA_PWY_1_coenzymeAbiosynthesisII_mammalian_
2022-02-01 15:59:11 INFO::Fitting model to feature number 20, COA_PWY_coenzymeAbiosynthesisI
2022-02-01 15:59:11 INFO::Fitting model to feature number 21, COBALSYN_PWY_adenosylcobalaminsalvagefromcobinamideI
2022-02-01 15:59:11 INFO::Fitting model to feature number 22, COLANSYN_PWY_colanicacidbuildingblocksbiosynthesis
2022-02-01 15:59:11 INFO::Fitting model to feature number 23, COMPLETE_ARO_PWY_superpathwayofaromaticaminoacidbiosynthesis
2022-02-01 15:59:11 INFO::Fitting model to feature number 24, CRNFORCAT_PWY_creatininedegradationI
2022-02-01 15:59:11 INFO::Fitting model to feature number 25, DAPLYSINESYN_PWY_L_lysinebiosynthesisI
2022-02-01 15:59:11 INFO::Fitting model to feature number 26, DENOVOPURINE2_PWY_superpathwayofpurinenucleotidesdenovobiosynthesisII
2022-02-01 15:59:11 INFO::Fitting model to feature number 27, DTDPRHAMSYN_PWY_dTDP_L_rhamnosebiosynthesisI
2022-02-01 15:59:11 INFO::Fitting model to feature number 28, FAO_PWY_fattyacid_beta__oxidationI
2022-02-01 15:59:11 INFO::Fitting model to feature number 29, FASYN_ELONG_PWY_fattyacidelongation__saturated
2022-02-01 15:59:11 INFO::Fitting model to feature number 30, FASYN_INITIAL_PWY_superpathwayoffattyacidbiosynthesisinitiation_E_coli_
2022-02-01 15:59:11 INFO::Fitting model to feature number 31, FERMENTATION_PWY_mixedacidfermentation
2022-02-01 15:59:11 INFO::Fitting model to feature number 32, FOLSYN_PWY_superpathwayoftetrahydrofolatebiosynthesisandsalvage
2022-02-01 15:59:11 INFO::Fitting model to feature number 33, FUC_RHAMCAT_PWY_superpathwayoffucoseandrhamnosedegradation
2022-02-01 15:59:11 INFO::Fitting model to feature number 34, FUCCAT_PWY_fucosedegradation
2022-02-01 15:59:11 INFO::Fitting model to feature number 35, GALACT_GLUCUROCAT_PWY_superpathwayofhexuronideandhexuronatedegradation
2022-02-01 15:59:11 INFO::Fitting model to feature number 36, GALACTARDEG_PWY_D_galactaratedegradationI
2022-02-01 15:59:11 INFO::Fitting model to feature number 37, GALACTUROCAT_PWY_D_galacturonatedegradationI
2022-02-01 15:59:11 INFO::Fitting model to feature number 38, GLCMANNANAUT_PWY_superpathwayofN_acetylglucosamine_N_acetylmannosamineandN_acetylneuraminatedegradation
2022-02-01 15:59:11 INFO::Fitting model to feature number 39, GLUCARDEG_PWY_D_glucaratedegradationI
2022-02-01 15:59:11 INFO::Fitting model to feature number 40, GLUCARGALACTSUPER_PWY_superpathwayofD_glucarateandD_galactaratedegradation
2022-02-01 15:59:11 INFO::Fitting model to feature number 41, GLUCONEO_PWY_gluconeogenesisI
2022-02-01 15:59:11 INFO::Fitting model to feature number 42, GLUCOSE1PMETAB_PWY_glucoseandglucose_1_phosphatedegradation
2022-02-01 15:59:11 INFO::Fitting model to feature number 43, GLUCUROCAT_PWY_superpathwayof_beta__D_glucuronideandD_glucuronatedegradation
2022-02-01 15:59:11 INFO::Fitting model to feature number 44, GLUDEG_I_PWY_GABAshunt
2022-02-01 15:59:11 INFO::Fitting model to feature number 45, GLUTORN_PWY_L_ornithinebiosynthesis
2022-02-01 15:59:11 INFO::Fitting model to feature number 46, GLYCOCAT_PWY_glycogendegradationI_bacterial_
2022-02-01 15:59:11 INFO::Fitting model to feature number 47, GLYCOGENSYNTH_PWY_glycogenbiosynthesisI_fromADP_D_Glucose_
2022-02-01 15:59:11 INFO::Fitting model to feature number 48, GLYCOL_GLYOXDEG_PWY_superpathwayofglycolmetabolismanddegradation
2022-02-01 15:59:11 INFO::Fitting model to feature number 49, GLYCOLYSIS_E_D_superpathwayofglycolysisandEntner_Doudoroff
2022-02-01 15:59:11 INFO::Fitting model to feature number 50, GLYCOLYSIS_TCA_GLYOX_BYPASS_superpathwayofglycolysis_pyruvatedehydrogenase_TCA_andglyoxylatebypass
2022-02-01 15:59:11 INFO::Fitting model to feature number 51, GLYCOLYSIS_glycolysisI_fromglucose6_phosphate_
2022-02-01 15:59:11 INFO::Fitting model to feature number 52, GLYOXYLATE_BYPASS_glyoxylatecycle
2022-02-01 15:59:11 INFO::Fitting model to feature number 53, GOLPDLCAT_PWY_superpathwayofglyceroldegradationto1_3_propanediol
2022-02-01 15:59:11 INFO::Fitting model to feature number 54, HEME_BIOSYNTHESIS_II_hemebiosynthesisI_aerobic_
2022-02-01 15:59:11 INFO::Fitting model to feature number 55, HEMESYN2_PWY_hemebiosynthesisII_anaerobic_
2022-02-01 15:59:11 INFO::Fitting model to feature number 56, HEXITOLDEGSUPER_PWY_superpathwayofhexitoldegradation_bacteria_
2022-02-01 15:59:11 INFO::Fitting model to feature number 57, HISDEG_PWY_L_histidinedegradationI
2022-02-01 15:59:11 INFO::Fitting model to feature number 58, HISTSYN_PWY_L_histidinebiosynthesis
2022-02-01 15:59:11 INFO::Fitting model to feature number 59, HOMOSER_METSYN_PWY_L_methioninebiosynthesisI
2022-02-01 15:59:11 INFO::Fitting model to feature number 60, HSERMETANA_PWY_L_methioninebiosynthesisIII
2022-02-01 15:59:11 INFO::Fitting model to feature number 61, ILEUSYN_PWY_L_isoleucinebiosynthesisI_fromthreonine_
2022-02-01 15:59:11 INFO::Fitting model to feature number 62, KETOGLUCONMET_PWY_ketogluconatemetabolism
2022-02-01 15:59:11 INFO::Fitting model to feature number 63, LACTOSECAT_PWY_lactoseandgalactosedegradationI
2022-02-01 15:59:11 INFO::Fitting model to feature number 64, MET_SAM_PWY_superpathwayofS_adenosyl_L_methioninebiosynthesis
2022-02-01 15:59:11 INFO::Fitting model to feature number 65, METH_ACETATE_PWY_methanogenesisfromacetate
2022-02-01 15:59:11 INFO::Fitting model to feature number 66, METHGLYUT_PWY_superpathwayofmethylglyoxaldegradation
2022-02-01 15:59:11 INFO::Fitting model to feature number 67, METSYN_PWY_L_homoserineandL_methioninebiosynthesis
2022-02-01 15:59:11 INFO::Fitting model to feature number 68, NAD_BIOSYNTHESIS_II_NADsalvagepathwayII
2022-02-01 15:59:11 INFO::Fitting model to feature number 69, NAGLIPASYN_PWY_lipidIVAbiosynthesis
2022-02-01 15:59:11 INFO::Fitting model to feature number 70, NONMEVIPP_PWY_methylerythritolphosphatepathwayI
2022-02-01 15:59:11 INFO::Fitting model to feature number 71, NONOXIPENT_PWY_pentosephosphatepathway_non_oxidativebranch_
2022-02-01 15:59:11 INFO::Fitting model to feature number 72, OANTIGEN_PWY_O_antigenbuildingblocksbiosynthesis_E_coli_
2022-02-01 15:59:11 INFO::Fitting model to feature number 73, P105_PWY_TCAcycleIV_2_oxoglutaratedecarboxylase_
2022-02-01 15:59:11 INFO::Fitting model to feature number 74, P108_PWY_pyruvatefermentationtopropanoateI
2022-02-01 15:59:11 INFO::Fitting model to feature number 75, P122_PWY_heterolacticfermentation
2022-02-01 15:59:11 INFO::Fitting model to feature number 76, P124_PWY_Bifidobacteriumshunt
2022-02-01 15:59:11 INFO::Fitting model to feature number 77, P125_PWY_superpathwayof_R_R__butanediolbiosynthesis
2022-02-01 15:59:11 INFO::Fitting model to feature number 78, P161_PWY_acetylenedegradation
2022-02-01 15:59:11 INFO::Fitting model to feature number 79, P164_PWY_purinenucleobasesdegradationI_anaerobic_
2022-02-01 15:59:12 INFO::Fitting model to feature number 80, P185_PWY_formaldehydeassimilationIII_dihydroxyacetonecycle_
2022-02-01 15:59:12 INFO::Fitting model to feature number 81, P221_PWY_octaneoxidation
2022-02-01 15:59:12 INFO::Fitting model to feature number 82, P23_PWY_reductiveTCAcycleI
2022-02-01 15:59:12 INFO::Fitting model to feature number 83, P4_PWY_superpathwayofL_lysine_L_threonineandL_methioninebiosynthesisI
2022-02-01 15:59:12 INFO::Fitting model to feature number 84, P42_PWY_incompletereductiveTCAcycle
2022-02-01 15:59:12 INFO::Fitting model to feature number 85, P441_PWY_superpathwayofN_acetylneuraminatedegradation
2022-02-01 15:59:12 INFO::Fitting model to feature number 86, P461_PWY_hexitolfermentationtolactate_formate_ethanolandacetate
2022-02-01 15:59:12 INFO::Fitting model to feature number 87, PANTO_PWY_phosphopantothenatebiosynthesisI
2022-02-01 15:59:12 INFO::Fitting model to feature number 88, PANTOSYN_PWY_pantothenateandcoenzymeAbiosynthesisI
2022-02-01 15:59:12 INFO::Fitting model to feature number 89, PENTOSE_P_PWY_pentosephosphatepathway
2022-02-01 15:59:12 INFO::Fitting model to feature number 90, PEPTIDOGLYCANSYN_PWY_peptidoglycanbiosynthesisI_meso_diaminopimelatecontaining_
2022-02-01 15:59:12 INFO::Fitting model to feature number 91, PHOSLIPSYN_PWY_superpathwayofphospholipidbiosynthesisI_bacteria_
2022-02-01 15:59:12 INFO::Fitting model to feature number 92, POLYAMINSYN3_PWY_superpathwayofpolyaminebiosynthesisII
2022-02-01 15:59:12 INFO::Fitting model to feature number 93, POLYAMSYN_PWY_superpathwayofpolyaminebiosynthesisI
2022-02-01 15:59:12 INFO::Fitting model to feature number 94, POLYISOPRENSYN_PWY_polyisoprenoidbiosynthesis_E_coli_
2022-02-01 15:59:12 INFO::Fitting model to feature number 95, PPGPPMET_PWY_ppGppbiosynthesis
2022-02-01 15:59:12 INFO::Fitting model to feature number 96, PROPFERM_PWY_L_alaninefermentationtopropanoateandacetate
2022-02-01 15:59:12 INFO::Fitting model to feature number 97, PRPP_PWY_superpathwayofhistidine_purine_andpyrimidinebiosynthesis
2022-02-01 15:59:12 INFO::Fitting model to feature number 98, PWY_1042_glycolysisIV_plantcytosol_
2022-02-01 15:59:12 INFO::Fitting model to feature number 99, PWY_1269_CMP_3_deoxy_D_manno_octulosonatebiosynthesisI
2022-02-01 15:59:12 INFO::Fitting model to feature number 100, PWY_1861_formaldehydeassimilationII_RuMPCycle_
2022-02-01 15:59:12 INFO::Fitting model to feature number 101, PWY_241_C4photosyntheticcarbonassimilationcycle_NADP_MEtype
2022-02-01 15:59:12 INFO::Fitting model to feature number 102, PWY_2723_trehalosedegradationV
2022-02-01 15:59:12 INFO::Fitting model to feature number 103, PWY_2941_L_lysinebiosynthesisII
2022-02-01 15:59:12 INFO::Fitting model to feature number 104, PWY_2942_L_lysinebiosynthesisIII
2022-02-01 15:59:12 INFO::Fitting model to feature number 105, PWY_3001_superpathwayofL_isoleucinebiosynthesisI
2022-02-01 15:59:12 INFO::Fitting model to feature number 106, PWY_3781_aerobicrespirationI_cytochromec_
2022-02-01 15:59:12 INFO::Fitting model to feature number 107, PWY_3841_folatetransformationsII
2022-02-01 15:59:12 INFO::Fitting model to feature number 108, PWY_4041__gamma__glutamylcycle
2022-02-01 15:59:12 INFO::Fitting model to feature number 109, PWY_4242_pantothenateandcoenzymeAbiosynthesisIII
2022-02-01 15:59:12 INFO::Fitting model to feature number 110, PWY_4702_phytatedegradationI
2022-02-01 15:59:12 INFO::Fitting model to feature number 111, PWY_4722_creatininedegradationII
2022-02-01 15:59:12 INFO::Fitting model to feature number 112, PWY_4981_L_prolinebiosynthesisII_fromarginine_
2022-02-01 15:59:12 INFO::Fitting model to feature number 113, PWY_4984_ureacycle
2022-02-01 15:59:12 INFO::Fitting model to feature number 114, PWY_5005_biotinbiosynthesisII
2022-02-01 15:59:12 INFO::Fitting model to feature number 115, PWY_5022_4_aminobutanoatedegradationV
2022-02-01 15:59:12 INFO::Fitting model to feature number 116, PWY_5030_L_histidinedegradationIII
2022-02-01 15:59:12 INFO::Fitting model to feature number 117, PWY_5083_NAD_NADHphosphorylationanddephosphorylation
2022-02-01 15:59:12 INFO::Fitting model to feature number 118, PWY_5097_L_lysinebiosynthesisVI
2022-02-01 15:59:12 INFO::Fitting model to feature number 119, PWY_5100_pyruvatefermentationtoacetateandlactateII
2022-02-01 15:59:12 INFO::Fitting model to feature number 120, PWY_5101_L_isoleucinebiosynthesisII
2022-02-01 15:59:12 INFO::Fitting model to feature number 121, PWY_5103_L_isoleucinebiosynthesisIII
2022-02-01 15:59:12 INFO::Fitting model to feature number 122, PWY_5104_L_isoleucinebiosynthesisIV
2022-02-01 15:59:12 INFO::Fitting model to feature number 123, PWY_5121_superpathwayofgeranylgeranyldiphosphatebiosynthesisII_viaMEP_
2022-02-01 15:59:12 INFO::Fitting model to feature number 124, PWY_5136_fattyacid_beta__oxidationII_peroxisome_
2022-02-01 15:59:12 INFO::Fitting model to feature number 125, PWY_5138_unsaturated_evennumberedfattyacid_beta__oxidation
2022-02-01 15:59:12 INFO::Fitting model to feature number 126, PWY_5154_L_argininebiosynthesisIII_viaN_acetyl_L_citrulline_
2022-02-01 15:59:12 INFO::Fitting model to feature number 127, PWY_5173_superpathwayofacetyl_CoAbiosynthesis
2022-02-01 15:59:12 INFO::Fitting model to feature number 128, PWY_5177_glutaryl_CoAdegradation
2022-02-01 15:59:12 INFO::Fitting model to feature number 129, PWY_5188_tetrapyrrolebiosynthesisI_fromglutamate_
2022-02-01 15:59:12 INFO::Fitting model to feature number 130, PWY_5189_tetrapyrrolebiosynthesisII_fromglycine_
2022-02-01 15:59:12 INFO::Fitting model to feature number 131, PWY_5265_peptidoglycanbiosynthesisII_staphylococci_
2022-02-01 15:59:12 INFO::Fitting model to feature number 132, PWY_5304_superpathwayofsulfuroxidation_Acidianusambivalens_
2022-02-01 15:59:12 INFO::Fitting model to feature number 133, PWY_5345_superpathwayofL_methioninebiosynthesis_bysulfhydrylation_
2022-02-01 15:59:12 INFO::Fitting model to feature number 134, PWY_5347_superpathwayofL_methioninebiosynthesis_transsulfuration_
2022-02-01 15:59:12 INFO::Fitting model to feature number 135, PWY_5367_petroselinatebiosynthesis
2022-02-01 15:59:12 INFO::Fitting model to feature number 136, PWY_5384_sucrosedegradationIV_sucrosephosphorylase_
2022-02-01 15:59:12 INFO::Fitting model to feature number 137, PWY_5464_superpathwayofcytosolicglycolysis_plants__pyruvatedehydrogenaseandTCAcycle
2022-02-01 15:59:12 INFO::Fitting model to feature number 138, PWY_5484_glycolysisII_fromfructose6_phosphate_
2022-02-01 15:59:12 INFO::Fitting model to feature number 139, PWY_5505_L_glutamateandL_glutaminebiosynthesis
2022-02-01 15:59:12 INFO::Fitting model to feature number 140, PWY_561_superpathwayofglyoxylatecycleandfattyaciddegradation
2022-02-01 15:59:12 INFO::Fitting model to feature number 141, PWY_5656_mannosylglyceratebiosynthesisI
2022-02-01 15:59:12 INFO::Fitting model to feature number 142, PWY_5659_GDP_mannosebiosynthesis
2022-02-01 15:59:12 INFO::Fitting model to feature number 143, PWY_5667_CDP_diacylglycerolbiosynthesisI
2022-02-01 15:59:12 INFO::Fitting model to feature number 144, PWY_5675_nitratereductionV_assimilatory_
2022-02-01 15:59:12 INFO::Fitting model to feature number 145, PWY_5676_acetyl_CoAfermentationtobutanoateII
2022-02-01 15:59:12 INFO::Fitting model to feature number 146, PWY_5677_succinatefermentationtobutanoate
2022-02-01 15:59:12 INFO::Fitting model to feature number 147, PWY_5686_UMPbiosynthesis
2022-02-01 15:59:12 INFO::Fitting model to feature number 148, PWY_5690_TCAcycleII_plantsandfungi_
2022-02-01 15:59:12 INFO::Fitting model to feature number 149, PWY_5695_uratebiosynthesis_inosine5__phosphatedegradation
2022-02-01 15:59:12 INFO::Fitting model to feature number 150, PWY_5723_Rubiscoshunt
2022-02-01 15:59:12 INFO::Fitting model to feature number 151, PWY_5747_2_methylcitratecycleII
2022-02-01 15:59:12 INFO::Fitting model to feature number 152, PWY_5791_1_4_dihydroxy_2_naphthoatebiosynthesisII_plants_
2022-02-01 15:59:12 INFO::Fitting model to feature number 153, PWY_5837_1_4_dihydroxy_2_naphthoatebiosynthesisI
2022-02-01 15:59:12 INFO::Fitting model to feature number 154, PWY_5838_superpathwayofmenaquinol_8biosynthesisI
2022-02-01 15:59:12 INFO::Fitting model to feature number 155, PWY_5840_superpathwayofmenaquinol_7biosynthesis
2022-02-01 15:59:12 INFO::Fitting model to feature number 156, PWY_5845_superpathwayofmenaquinol_9biosynthesis
2022-02-01 15:59:12 INFO::Fitting model to feature number 157, PWY_5855_ubiquinol_7biosynthesis_prokaryotic_
2022-02-01 15:59:12 INFO::Fitting model to feature number 158, PWY_5856_ubiquinol_9biosynthesis_prokaryotic_
2022-02-01 15:59:12 INFO::Fitting model to feature number 159, PWY_5857_ubiquinol_10biosynthesis_prokaryotic_
2022-02-01 15:59:12 INFO::Fitting model to feature number 160, PWY_5861_superpathwayofdemethylmenaquinol_8biosynthesis
2022-02-01 15:59:12 INFO::Fitting model to feature number 161, PWY_5862_superpathwayofdemethylmenaquinol_9biosynthesis
2022-02-01 15:59:12 INFO::Fitting model to feature number 162, PWY_5863_superpathwayofphylloquinolbiosynthesis
2022-02-01 15:59:12 INFO::Fitting model to feature number 163, PWY_5897_superpathwayofmenaquinol_11biosynthesis
2022-02-01 15:59:12 INFO::Fitting model to feature number 164, PWY_5898_superpathwayofmenaquinol_12biosynthesis
2022-02-01 15:59:12 INFO::Fitting model to feature number 165, PWY_5899_superpathwayofmenaquinol_13biosynthesis
2022-02-01 15:59:12 INFO::Fitting model to feature number 166, PWY_5913_TCAcycleVI_obligateautotrophs_
2022-02-01 15:59:12 INFO::Fitting model to feature number 167, PWY_5918_superpathayofhemebiosynthesisfromglutamate
2022-02-01 15:59:12 INFO::Fitting model to feature number 168, PWY_5920_superpathwayofhemebiosynthesisfromglycine
2022-02-01 15:59:12 INFO::Fitting model to feature number 169, PWY_5941_glycogendegradationII_eukaryotic_
2022-02-01 15:59:12 INFO::Fitting model to feature number 170, PWY_5971_palmitatebiosynthesisII_bacteriaandplants_
2022-02-01 15:59:12 INFO::Fitting model to feature number 171, PWY_5973_cis_vaccenatebiosynthesis
2022-02-01 15:59:12 INFO::Fitting model to feature number 172, PWY_5989_stearatebiosynthesisII_bacteriaandplants_
2022-02-01 15:59:12 INFO::Fitting model to feature number 173, PWY_5994_palmitatebiosynthesisI_animalsandfungi_
2022-02-01 15:59:12 INFO::Fitting model to feature number 174, PWY_6113_superpathwayofmycolatebiosynthesis
2022-02-01 15:59:12 INFO::Fitting model to feature number 175, PWY_6121_5_aminoimidazoleribonucleotidebiosynthesisI
2022-02-01 15:59:12 INFO::Fitting model to feature number 176, PWY_6122_5_aminoimidazoleribonucleotidebiosynthesisII
2022-02-01 15:59:12 INFO::Fitting model to feature number 177, PWY_6123_inosine_5__phosphatebiosynthesisI
2022-02-01 15:59:12 INFO::Fitting model to feature number 178, PWY_6124_inosine_5__phosphatebiosynthesisII
2022-02-01 15:59:12 INFO::Fitting model to feature number 179, PWY_6125_superpathwayofguanosinenucleotidesdenovobiosynthesisII
2022-02-01 15:59:12 INFO::Fitting model to feature number 180, PWY_6126_superpathwayofadenosinenucleotidesdenovobiosynthesisII
2022-02-01 15:59:12 INFO::Fitting model to feature number 181, PWY_6143_CMP_pseudaminatebiosynthesis
2022-02-01 15:59:12 INFO::Fitting model to feature number 182, PWY_6147_6_hydroxymethyl_dihydropterindiphosphatebiosynthesisI
2022-02-01 15:59:12 INFO::Fitting model to feature number 183, PWY_6151_S_adenosyl_L_methioninecycleI
2022-02-01 15:59:12 INFO::Fitting model to feature number 184, PWY_6163_chorismatebiosynthesisfrom3_dehydroquinate
2022-02-01 15:59:12 INFO::Fitting model to feature number 185, PWY_6168_flavinbiosynthesisIII_fungi_
2022-02-01 15:59:12 INFO::Fitting model to feature number 186, PWY_621_sucrosedegradationIII_sucroseinvertase_
2022-02-01 15:59:12 INFO::Fitting model to feature number 187, PWY_622_starchbiosynthesis
2022-02-01 15:59:12 INFO::Fitting model to feature number 188, PWY_6263_superpathwayofmenaquinol_8biosynthesisII
2022-02-01 15:59:12 INFO::Fitting model to feature number 189, PWY_6270_isoprenebiosynthesisI
2022-02-01 15:59:12 INFO::Fitting model to feature number 190, PWY_6277_superpathwayof5_aminoimidazoleribonucleotidebiosynthesis
2022-02-01 15:59:12 INFO::Fitting model to feature number 191, PWY_6282_palmitoleatebiosynthesisI_from_5Z__dodec_5_enoate_
2022-02-01 15:59:12 INFO::Fitting model to feature number 192, PWY_6284_superpathwayofunsaturatedfattyacidsbiosynthesis_E_coli_
2022-02-01 15:59:12 INFO::Fitting model to feature number 193, PWY_6285_superpathwayoffattyacidsbiosynthesis_E_coli_
2022-02-01 15:59:12 INFO::Fitting model to feature number 194, PWY_6305_putrescinebiosynthesisIV
2022-02-01 15:59:12 INFO::Fitting model to feature number 195, PWY_6317_galactosedegradationI_Leloirpathway_
2022-02-01 15:59:12 INFO::Fitting model to feature number 196, PWY_6318_L_phenylalaninedegradationIV_mammalian_viasidechain_
2022-02-01 15:59:12 INFO::Fitting model to feature number 197, PWY_6353_purinenucleotidesdegradationII_aerobic_
2022-02-01 15:59:12 INFO::Fitting model to feature number 198, PWY_6385_peptidoglycanbiosynthesisIII_mycobacteria_
2022-02-01 15:59:12 INFO::Fitting model to feature number 199, PWY_6386_UDP_N_acetylmuramoyl_pentapeptidebiosynthesisII_lysine_containing_
2022-02-01 15:59:12 INFO::Fitting model to feature number 200, PWY_6387_UDP_N_acetylmuramoyl_pentapeptidebiosynthesisI_meso_diaminopimelatecontaining_
2022-02-01 15:59:12 INFO::Fitting model to feature number 201, PWY_6435_4_hydroxybenzoatebiosynthesisV
2022-02-01 15:59:12 INFO::Fitting model to feature number 202, PWY_6470_peptidoglycanbiosynthesisV__beta__lactamresistance_
2022-02-01 15:59:12 INFO::Fitting model to feature number 203, PWY_6471_peptidoglycanbiosynthesisIV_Enterococcusfaecium_
2022-02-01 15:59:12 INFO::Fitting model to feature number 204, PWY_6478_GDP_D_glycero__alpha__D_manno_heptosebiosynthesis
2022-02-01 15:59:12 INFO::Fitting model to feature number 205, PWY_6507_4_deoxy_L_threo_hex_4_enopyranuronatedegradation
2022-02-01 15:59:12 INFO::Fitting model to feature number 206, PWY_6519_8_amino_7_oxononanoatebiosynthesisI
2022-02-01 15:59:12 INFO::Fitting model to feature number 207, PWY_6527_stachyosedegradation
2022-02-01 15:59:12 INFO::Fitting model to feature number 208, PWY_6531_mannitolcycle
2022-02-01 15:59:12 INFO::Fitting model to feature number 209, PWY_6545_pyrimidinedeoxyribonucleotidesdenovobiosynthesisIII
2022-02-01 15:59:12 INFO::Fitting model to feature number 210, PWY_6549_L_glutaminebiosynthesisIII
2022-02-01 15:59:12 INFO::Fitting model to feature number 211, PWY_6562_norspermidinebiosynthesis
2022-02-01 15:59:12 INFO::Fitting model to feature number 212, PWY_6572_chondroitinsulfatedegradationI_bacterial_
2022-02-01 15:59:12 INFO::Fitting model to feature number 213, PWY_6588_pyruvatefermentationtoacetone
2022-02-01 15:59:12 INFO::Fitting model to feature number 214, PWY_6590_superpathwayofClostridiumacetobutylicumacidogenicfermentation
2022-02-01 15:59:12 INFO::Fitting model to feature number 215, PWY_6595_superpathwayofguanosinenucleotidesdegradation_plants_
2022-02-01 15:59:12 INFO::Fitting model to feature number 216, PWY_6606_guanosinenucleotidesdegradationII
2022-02-01 15:59:12 INFO::Fitting model to feature number 217, PWY_6608_guanosinenucleotidesdegradationIII
2022-02-01 15:59:12 INFO::Fitting model to feature number 218, PWY_6609_adenineandadenosinesalvageIII
2022-02-01 15:59:12 INFO::Fitting model to feature number 219, PWY_6612_superpathwayoftetrahydrofolatebiosynthesis
2022-02-01 15:59:12 INFO::Fitting model to feature number 220, PWY_6628_superpathwayofL_phenylalaninebiosynthesis
2022-02-01 15:59:12 INFO::Fitting model to feature number 221, PWY_6629_superpathwayofL_tryptophanbiosynthesis
2022-02-01 15:59:12 INFO::Fitting model to feature number 222, PWY_6630_superpathwayofL_tyrosinebiosynthesis
2022-02-01 15:59:12 INFO::Fitting model to feature number 223, PWY_6700_queuosinebiosynthesis
2022-02-01 15:59:12 INFO::Fitting model to feature number 224, PWY_6703_preQ0biosynthesis
2022-02-01 15:59:12 INFO::Fitting model to feature number 225, PWY_6708_ubiquinol_8biosynthesis_prokaryotic_
2022-02-01 15:59:12 INFO::Fitting model to feature number 226, PWY_6731_starchdegradationIII
2022-02-01 15:59:12 INFO::Fitting model to feature number 227, PWY_6737_starchdegradationV
2022-02-01 15:59:12 INFO::Fitting model to feature number 228, PWY_6749_CMP_legionaminatebiosynthesisI
2022-02-01 15:59:12 INFO::Fitting model to feature number 229, PWY_6803_phosphatidylcholineacylediting
2022-02-01 15:59:12 INFO::Fitting model to feature number 230, PWY_6823_molybdenumcofactorbiosynthesis
2022-02-01 15:59:12 INFO::Fitting model to feature number 231, PWY_6859_all_trans_farnesolbiosynthesis
2022-02-01 15:59:12 INFO::Fitting model to feature number 232, PWY_6876_isopropanolbiosynthesis
2022-02-01 15:59:12 INFO::Fitting model to feature number 233, PWY_6891_thiazolebiosynthesisII_Bacillus_
2022-02-01 15:59:12 INFO::Fitting model to feature number 234, PWY_6892_thiazolebiosynthesisI_E_coli_
2022-02-01 15:59:12 INFO::Fitting model to feature number 235, PWY_6895_superpathwayofthiamindiphosphatebiosynthesisII
2022-02-01 15:59:12 INFO::Fitting model to feature number 236, PWY_6897_thiaminsalvageII
2022-02-01 15:59:12 INFO::Fitting model to feature number 237, PWY_6901_superpathwayofglucoseandxylosedegradation
2022-02-01 15:59:12 INFO::Fitting model to feature number 238, PWY_6936_seleno_aminoacidbiosynthesis
2022-02-01 15:59:12 INFO::Fitting model to feature number 239, PWY_6969_TCAcycleV_2_oxoglutarate_ferredoxinoxidoreductase_
2022-02-01 15:59:12 INFO::Fitting model to feature number 240, PWY_7003_glyceroldegradationtobutanol
2022-02-01 15:59:12 INFO::Fitting model to feature number 241, PWY_7013_L_1_2_propanedioldegradation
2022-02-01 15:59:12 INFO::Fitting model to feature number 242, PWY_7046_4_coumaratedegradation_anaerobic_
2022-02-01 15:59:12 INFO::Fitting model to feature number 243, PWY_7111_pyruvatefermentationtoisobutanol_engineered_
2022-02-01 15:59:12 INFO::Fitting model to feature number 244, PWY_7115_C4photosyntheticcarbonassimilationcycle_NAD_MEtype
2022-02-01 15:59:12 INFO::Fitting model to feature number 245, PWY_7117_C4photosyntheticcarbonassimilationcycle_PEPCKtype
2022-02-01 15:59:12 INFO::Fitting model to feature number 246, PWY_7184_pyrimidinedeoxyribonucleotidesdenovobiosynthesisI
2022-02-01 15:59:12 INFO::Fitting model to feature number 247, PWY_7187_pyrimidinedeoxyribonucleotidesdenovobiosynthesisII
2022-02-01 15:59:12 INFO::Fitting model to feature number 248, PWY_7196_superpathwayofpyrimidineribonucleosidessalvage
2022-02-01 15:59:12 INFO::Fitting model to feature number 249, PWY_7197_pyrimidinedeoxyribonucleotidephosphorylation
2022-02-01 15:59:12 INFO::Fitting model to feature number 250, PWY_7198_pyrimidinedeoxyribonucleotidesdenovobiosynthesisIV
2022-02-01 15:59:12 INFO::Fitting model to feature number 251, PWY_7199_pyrimidinedeoxyribonucleosidessalvage
2022-02-01 15:59:12 INFO::Fitting model to feature number 252, PWY_7204_pyridoxal5__phosphatesalvageII_plants_
2022-02-01 15:59:12 INFO::Fitting model to feature number 253, PWY_7208_superpathwayofpyrimidinenucleobasessalvage
2022-02-01 15:59:12 INFO::Fitting model to feature number 254, PWY_7209_superpathwayofpyrimidineribonucleosidesdegradation
2022-02-01 15:59:12 INFO::Fitting model to feature number 255, PWY_7210_pyrimidinedeoxyribonucleotidesbiosynthesisfromCTP
2022-02-01 15:59:12 INFO::Fitting model to feature number 256, PWY_7211_superpathwayofpyrimidinedeoxyribonucleotidesdenovobiosynthesis
2022-02-01 15:59:12 INFO::Fitting model to feature number 257, PWY_7219_adenosineribonucleotidesdenovobiosynthesis
2022-02-01 15:59:12 INFO::Fitting model to feature number 258, PWY_7220_adenosinedeoxyribonucleotidesdenovobiosynthesisII
2022-02-01 15:59:12 INFO::Fitting model to feature number 259, PWY_7221_guanosineribonucleotidesdenovobiosynthesis
2022-02-01 15:59:12 INFO::Fitting model to feature number 260, PWY_7222_guanosinedeoxyribonucleotidesdenovobiosynthesisII
2022-02-01 15:59:12 INFO::Fitting model to feature number 261, PWY_7228_superpathwayofguanosinenucleotidesdenovobiosynthesisI
2022-02-01 15:59:12 INFO::Fitting model to feature number 262, PWY_7229_superpathwayofadenosinenucleotidesdenovobiosynthesisI
2022-02-01 15:59:12 INFO::Fitting model to feature number 263, PWY_7234_inosine_5__phosphatebiosynthesisIII
2022-02-01 15:59:12 INFO::Fitting model to feature number 264, PWY_7237_myo__chiro_andscillo_inositoldegradation
2022-02-01 15:59:12 INFO::Fitting model to feature number 265, PWY_7242_D_fructuronatedegradation
2022-02-01 15:59:12 INFO::Fitting model to feature number 266, PWY_724_superpathwayofL_lysine_L_threonineandL_methioninebiosynthesisII
2022-02-01 15:59:12 INFO::Fitting model to feature number 267, PWY_7254_TCAcycleVII_acetate_producers_
2022-02-01 15:59:12 INFO::Fitting model to feature number 268, PWY_7269_NAD_NADP_NADH_NADPHmitochondrialinterconversion_yeast_
2022-02-01 15:59:12 INFO::Fitting model to feature number 269, PWY_7282_4_amino_2_methyl_5_phosphomethylpyrimidinebiosynthesis_yeast_
2022-02-01 15:59:12 INFO::Fitting model to feature number 270, PWY_7288_fattyacid_beta__oxidation_peroxisome_yeast_
2022-02-01 15:59:12 INFO::Fitting model to feature number 271, PWY_7312_dTDP_D__beta__fucofuranosebiosynthesis
2022-02-01 15:59:12 INFO::Fitting model to feature number 272, PWY_7315_dTDP_N_acetylthomosaminebiosynthesis
2022-02-01 15:59:12 INFO::Fitting model to feature number 273, PWY_7316_dTDP_N_acetylviosaminebiosynthesis
2022-02-01 15:59:12 INFO::Fitting model to feature number 274, PWY_7323_superpathwayofGDP_mannose_derivedO_antigenbuildingblocksbiosynthesis
2022-02-01 15:59:12 INFO::Fitting model to feature number 275, PWY_7328_superpathwayofUDP_glucose_derivedO_antigenbuildingblocksbiosynthesis
2022-02-01 15:59:12 INFO::Fitting model to feature number 276, PWY_7332_superpathwayofUDP_N_acetylglucosamine_derivedO_antigenbuildingblocksbiosynthesis
2022-02-01 15:59:12 INFO::Fitting model to feature number 277, PWY_7357_thiaminformationfrompyrithiamineandoxythiamine_yeast_
2022-02-01 15:59:12 INFO::Fitting model to feature number 278, PWY_7371_1_4_dihydroxy_6_naphthoatebiosynthesisII
2022-02-01 15:59:12 INFO::Fitting model to feature number 279, PWY_7383_anaerobicenergymetabolism_invertebrates_cytosol_
2022-02-01 15:59:12 INFO::Fitting model to feature number 280, PWY_7385_1_3_propanediolbiosynthesis_engineered_
2022-02-01 15:59:12 INFO::Fitting model to feature number 281, PWY_7388_octanoyl__acyl_carrierprotein_biosynthesis_mitochondria_yeast_
2022-02-01 15:59:12 INFO::Fitting model to feature number 282, PWY_7392_taxadienebiosynthesis_engineered_
2022-02-01 15:59:12 INFO::Fitting model to feature number 283, PWY_7400_L_argininebiosynthesisIV_archaebacteria_
2022-02-01 15:59:12 INFO::Fitting model to feature number 284, PWY_7456_mannandegradation
2022-02-01 15:59:12 INFO::Fitting model to feature number 285, PWY_7539_6_hydroxymethyl_dihydropterindiphosphatebiosynthesisIII_Chlamydia_
2022-02-01 15:59:12 INFO::Fitting model to feature number 286, PWY_7560_methylerythritolphosphatepathwayII
2022-02-01 15:59:12 INFO::Fitting model to feature number 287, PWY_7616_methanoloxidationtocarbondioxide
2022-02-01 15:59:12 INFO::Fitting model to feature number 288, PWY_7663_gondoatebiosynthesis_anaerobic_
2022-02-01 15:59:12 INFO::Fitting model to feature number 289, PWY_7664_oleatebiosynthesisIV_anaerobic_
2022-02-01 15:59:12 INFO::Fitting model to feature number 290, PWY_821_superpathwayofsulfuraminoacidbiosynthesis_Saccharomycescerevisiae_
2022-02-01 15:59:12 INFO::Fitting model to feature number 291, PWY_841_superpathwayofpurinenucleotidesdenovobiosynthesisI
2022-02-01 15:59:12 INFO::Fitting model to feature number 292, PWY0_1061_superpathwayofL_alaninebiosynthesis
2022-02-01 15:59:12 INFO::Fitting model to feature number 293, PWY0_1241_ADP_L_glycero__beta__D_manno_heptosebiosynthesis
2022-02-01 15:59:12 INFO::Fitting model to feature number 294, PWY0_1261_anhydromuropeptidesrecycling
2022-02-01 15:59:12 INFO::Fitting model to feature number 295, PWY0_1296_purineribonucleosidesdegradation
2022-02-01 15:59:12 INFO::Fitting model to feature number 296, PWY0_1297_superpathwayofpurinedeoxyribonucleosidesdegradation
2022-02-01 15:59:12 INFO::Fitting model to feature number 297, PWY0_1298_superpathwayofpyrimidinedeoxyribonucleosidesdegradation
2022-02-01 15:59:12 INFO::Fitting model to feature number 298, PWY0_1319_CDP_diacylglycerolbiosynthesisII
2022-02-01 15:59:12 INFO::Fitting model to feature number 299, PWY0_1415_superpathwayofhemebiosynthesisfromuroporphyrinogen_III
2022-02-01 15:59:12 INFO::Fitting model to feature number 300, PWY0_1479_tRNAprocessing
2022-02-01 15:59:12 INFO::Fitting model to feature number 301, PWY0_1586_peptidoglycanmaturation_meso_diaminopimelatecontaining_
2022-02-01 15:59:12 INFO::Fitting model to feature number 302, PWY0_162_superpathwayofpyrimidineribonucleotidesdenovobiosynthesis
2022-02-01 15:59:12 INFO::Fitting model to feature number 303, PWY0_166_superpathwayofpyrimidinedeoxyribonucleotidesdenovobiosynthesis_E_coli_
2022-02-01 15:59:12 INFO::Fitting model to feature number 304, PWY0_42_2_methylcitratecycleI
2022-02-01 15:59:12 INFO::Fitting model to feature number 305, PWY0_781_aspartatesuperpathway
2022-02-01 15:59:12 INFO::Fitting model to feature number 306, PWY0_845_superpathwayofpyridoxal5__phosphatebiosynthesisandsalvage
2022-02-01 15:59:12 INFO::Fitting model to feature number 307, PWY0_862__5Z__dodec_5_enoatebiosynthesis
2022-02-01 15:59:12 INFO::Fitting model to feature number 308, PWY0_881_superpathwayoffattyacidbiosynthesisI_E_coli_
2022-02-01 15:59:12 INFO::Fitting model to feature number 309, PWY3O_355_stearatebiosynthesisIII_fungi_
2022-02-01 15:59:12 INFO::Fitting model to feature number 310, PWY4FS_7_phosphatidylglycerolbiosynthesisI_plastidic_
2022-02-01 15:59:12 INFO::Fitting model to feature number 311, PWY4FS_8_phosphatidylglycerolbiosynthesisII_non_plastidic_
2022-02-01 15:59:12 INFO::Fitting model to feature number 312, PWY4LZ_257_superpathwayoffermentation_Chlamydomonasreinhardtii_
2022-02-01 15:59:12 INFO::Fitting model to feature number 313, PWY66_389_phytoldegradation
2022-02-01 15:59:12 INFO::Fitting model to feature number 314, PWY66_391_fattyacid_beta__oxidationVI_peroxisome_
2022-02-01 15:59:12 INFO::Fitting model to feature number 315, PWY66_398_TCAcycleIII_animals_
2022-02-01 15:59:12 INFO::Fitting model to feature number 316, PWY66_399_gluconeogenesisIII
2022-02-01 15:59:12 INFO::Fitting model to feature number 317, PWY66_400_glycolysisVI_metazoan_
2022-02-01 15:59:12 INFO::Fitting model to feature number 318, PWY66_409_superpathwayofpurinenucleotidesalvage
2022-02-01 15:59:12 INFO::Fitting model to feature number 319, PWY66_422_D_galactosedegradationV_Leloirpathway_
2022-02-01 15:59:12 INFO::Fitting model to feature number 320, PWYG_321_mycolatebiosynthesis
2022-02-01 15:59:12 INFO::Fitting model to feature number 321, PYRIDNUCSAL_PWY_NADsalvagepathwayI
2022-02-01 15:59:12 INFO::Fitting model to feature number 322, PYRIDNUCSYN_PWY_NADbiosynthesisI_fromaspartate_
2022-02-01 15:59:13 INFO::Fitting model to feature number 323, PYRIDOXSYN_PWY_pyridoxal5__phosphatebiosynthesisI
2022-02-01 15:59:13 INFO::Fitting model to feature number 324, REDCITCYC_TCAcycleVIII_helicobacter_
2022-02-01 15:59:13 INFO::Fitting model to feature number 325, RHAMCAT_PWY_L_rhamnosedegradationI
2022-02-01 15:59:13 INFO::Fitting model to feature number 326, RIBOSYN2_PWY_flavinbiosynthesisI_bacteriaandplants_
2022-02-01 15:59:13 INFO::Fitting model to feature number 327, RUMP_PWY_formaldehydeoxidationI
2022-02-01 15:59:13 INFO::Fitting model to feature number 328, SALVADEHYPOX_PWY_adenosinenucleotidesdegradationII
2022-02-01 15:59:13 INFO::Fitting model to feature number 329, SER_GLYSYN_PWY_superpathwayofL_serineandglycinebiosynthesisI
2022-02-01 15:59:13 INFO::Fitting model to feature number 330, SO4ASSIM_PWY_sulfatereductionI_assimilatory_
2022-02-01 15:59:13 INFO::Fitting model to feature number 331, SULFATE_CYS_PWY_superpathwayofsulfateassimilationandcysteinebiosynthesis
2022-02-01 15:59:13 INFO::Fitting model to feature number 332, TCA_GLYOX_BYPASS_superpathwayofglyoxylatebypassandTCA
2022-02-01 15:59:13 INFO::Fitting model to feature number 333, TCA_TCAcycleI_prokaryotic_
2022-02-01 15:59:13 INFO::Fitting model to feature number 334, TEICHOICACID_PWY_teichoicacid_poly_glycerol_biosynthesis
2022-02-01 15:59:13 INFO::Fitting model to feature number 335, THISYN_PWY_superpathwayofthiamindiphosphatebiosynthesisI
2022-02-01 15:59:13 INFO::Fitting model to feature number 336, THISYNARA_PWY_superpathwayofthiamindiphosphatebiosynthesisIII_eukaryotes_
2022-02-01 15:59:13 INFO::Fitting model to feature number 337, THRESYN_PWY_superpathwayofL_threoninebiosynthesis
2022-02-01 15:59:13 INFO::Fitting model to feature number 338, TRNA_CHARGING_PWY_tRNAcharging
2022-02-01 15:59:13 INFO::Fitting model to feature number 339, TRPSYN_PWY_L_tryptophanbiosynthesis
2022-02-01 15:59:13 INFO::Fitting model to feature number 340, UDPNAGSYN_PWY_UDP_N_acetyl_D_glucosaminebiosynthesisI
2022-02-01 15:59:13 INFO::Fitting model to feature number 341, VALSYN_PWY_L_valinebiosynthesis
2022-02-01 15:59:13 INFO::Counting total values for each feature
2022-02-01 15:59:13 WARNING::Deleting existing residuals file: TS/pathabund_results/Maaslin2/residuals.rds
2022-02-01 15:59:13 INFO::Writing residuals to file TS/pathabund_results/Maaslin2/residuals.rds
2022-02-01 15:59:13 WARNING::Deleting existing fitted file: TS/pathabund_results/Maaslin2/fitted.rds
2022-02-01 15:59:13 INFO::Writing fitted values to file TS/pathabund_results/Maaslin2/fitted.rds
2022-02-01 15:59:13 INFO::Writing all results to file (ordered by increasing q-values): TS/pathabund_results/Maaslin2/all_results.tsv
2022-02-01 15:59:13 INFO::Writing the significant results (those which are less than or equal to the threshold of 0.250000 ) to file (ordered by increasing q-values): TS/pathabund_results/Maaslin2/significant_results.tsv
